<?xml version="1.0" encoding="UTF-8"?>
<testsuite xmlns:xsi="http://www.w3.org/2001/XMLSchema-instance" xsi:noNamespaceSchemaLocation="https://maven.apache.org/surefire/maven-surefire-plugin/xsd/surefire-test-report-3.0.xsd" version="3.0" name="org.robovm.cocoatouch.prune.PruneTest" time="0.072" tests="7" errors="0" skipped="0" failures="0">
  <properties>
[...]
</properties>
  <testcase name="cuttingTwiceChangesNothing" classname="org.robovm.cocoatouch.prune.PruneTest" time="0.039"/>
  <testcase name="aSeedThatDoesNotExistIsAnError" classname="org.robovm.cocoatouch.prune.PruneTest" time="0.004"/>
  <testcase name="classesOutsideAppleAlwaysStay" classname="org.robovm.cocoatouch.prune.PruneTest" time="0.004"/>
  <testcase name="aSeedDragsItsReferencesAlongAndNothingElse" classname="org.robovm.cocoatouch.prune.PruneTest" time="0.004"/>
  <testcase name="globsMatchWholePackagesAndPrefixes" classname="org.robovm.cocoatouch.prune.PruneTest" time="0.003"/>
  <testcase name="aMemberNamingAnExcludedClassIsStrippedAndReported" classname="org.robovm.cocoatouch.prune.PruneTest" time="0.003"/>
  <testcase name="anExcludedSuperclassIsAnError" classname="org.robovm.cocoatouch.prune.PruneTest" time="0.003"/>
</testsuite>